

*******************************************************************************
Wed Dec  6 16:17:34 2017


FIT:    data read from temp(2) using 1:2
        format = x:z
        x range restricted to [-50.0000 : 50.0000]
        #datapoints = 107
        residuals are weighted equally (unit weight)

function used for fitting: f(x)
fitted parameters initialized with current variable values



*******************************************************************************
Wed Dec  6 16:17:42 2017


FIT:    data read from temp(2) using 1:2
        format = x:z
        x range restricted to [-50.0000 : 50.0000]
        #datapoints = 107
        residuals are weighted equally (unit weight)

function used for fitting: f(x)
	f(x)=a*(x-b)**2-c
fitted parameters initialized with current variable values

iter      chisq       delta/lim  lambda   a             b             c            
   0 1.3597990685e+08   0.00e+00  6.52e+02    1.000000e+00   1.000000e+00   1.000000e+00
   7 5.7876988681e+00  -1.15e-05  6.52e-05   -3.370869e-04  -1.310335e-04  -5.410028e-01

After 7 iterations the fit converged.
final sum of squares of residuals : 5.7877
rel. change during last iteration : -1.14765e-10

degrees of freedom    (FIT_NDF)                        : 104
rms of residuals      (FIT_STDFIT) = sqrt(WSSR/ndf)    : 0.235905
variance of residuals (reduced chisquare) = WSSR/ndf   : 0.055651

Final set of parameters            Asymptotic Standard Error
=======================            ==========================
a               = -0.000337087     +/- 3.039e-05    (9.015%)
b               = -0.000131034     +/- 1.168        (8.912e+05%)
c               = -0.541003        +/- 0.03421      (6.324%)

correlation matrix of the fit parameters:
                a      b      c      
a               1.000 
b              -0.000  1.000 
c               0.745 -0.000  1.000 


*******************************************************************************
Wed Dec  6 16:18:12 2017


FIT:    data read from temp(2) using 1:2
        format = x:z
        x range restricted to [-50.0000 : 50.0000]
        #datapoints = 107
        residuals are weighted equally (unit weight)

function used for fitting: f(x)
	f(x)=a*(x-b)**2-c
fitted parameters initialized with current variable values

iter      chisq       delta/lim  lambda   a             b             c            
   0 5.7876988681e+00   0.00e+00  3.82e-01   -3.370869e-04  -1.310335e-04  -5.410028e-01
   1 5.7876988681e+00   0.00e+00  3.82e-02   -3.370869e-04  -1.310335e-04  -5.410028e-01

After 1 iterations the fit converged.
final sum of squares of residuals : 5.7877
rel. change during last iteration : 0

degrees of freedom    (FIT_NDF)                        : 104
rms of residuals      (FIT_STDFIT) = sqrt(WSSR/ndf)    : 0.235905
variance of residuals (reduced chisquare) = WSSR/ndf   : 0.055651

Final set of parameters            Asymptotic Standard Error
=======================            ==========================
a               = -0.000337087     +/- 3.039e-05    (9.015%)
b               = -0.000131034     +/- 1.168        (8.912e+05%)
c               = -0.541003        +/- 0.03421      (6.324%)

correlation matrix of the fit parameters:
                a      b      c      
a               1.000 
b              -0.000  1.000 
c               0.745 -0.000  1.000 


*******************************************************************************
Wed Dec  6 16:18:38 2017


FIT:    data read from temp(2) using 1:2
        format = x:z
        x range restricted to [-50.0000 : 50.0000]
        #datapoints = 107
        residuals are weighted equally (unit weight)

function used for fitting: f(x)
	f(x)=a*(x-b)**2
fitted parameters initialized with current variable values

iter      chisq       delta/lim  lambda   a             b            
   0 1.3615954900e+08   0.00e+00  7.99e+02    1.000000e+00   1.000000e+00
   3 1.9703501870e+01  -3.31e-02  7.99e-01    2.121772e-05   9.975654e-01

After 3 iterations the fit converged.
final sum of squares of residuals : 19.7035
rel. change during last iteration : -3.30817e-07

degrees of freedom    (FIT_NDF)                        : 105
rms of residuals      (FIT_STDFIT) = sqrt(WSSR/ndf)    : 0.433189
variance of residuals (reduced chisquare) = WSSR/ndf   : 0.187652

Final set of parameters            Asymptotic Standard Error
=======================            ==========================
a               = 2.12177e-05      +/- 3.723e-05    (175.5%)
b               = 0.997565         +/- 34.15        (3423%)

correlation matrix of the fit parameters:
                a      b      
a               1.000 
b              -0.077  1.000 


*******************************************************************************
Wed Dec  6 16:18:58 2017


FIT:    data read from temp(2) using 1:3
        format = x:z
        x range restricted to [-50.0000 : 50.0000]
        #datapoints = 107
        residuals are weighted equally (unit weight)

function used for fitting: f(x)
	f(x)=a*(x-b)**2
fitted parameters initialized with current variable values

iter      chisq       delta/lim  lambda   a             b            
   0 1.3579925725e+08   0.00e+00  7.99e+02    1.000000e+00   1.000000e+00
   6 3.1807702788e+00  -2.23e-02  7.99e-04    1.345838e-03   8.495936e-01

After 6 iterations the fit converged.
final sum of squares of residuals : 3.18077
rel. change during last iteration : -2.23057e-07

degrees of freedom    (FIT_NDF)                        : 105
rms of residuals      (FIT_STDFIT) = sqrt(WSSR/ndf)    : 0.174049
variance of residuals (reduced chisquare) = WSSR/ndf   : 0.0302931

Final set of parameters            Asymptotic Standard Error
=======================            ==========================
a               = 0.00134584       +/- 1.496e-05    (1.111%)
b               = 0.849594         +/- 0.2162       (25.44%)

correlation matrix of the fit parameters:
                a      b      
a               1.000 
b              -0.065  1.000 


*******************************************************************************
Wed Dec  6 16:20:09 2017


FIT:    data read from temp(2) using 1:3
        format = x:z
        x range restricted to [-50.0000 : 50.0000]
        #datapoints = 107
        residuals are weighted equally (unit weight)

function used for fitting: f(x)
	f(x)=a*(x-b)**2
fitted parameters initialized with current variable values

iter      chisq       delta/lim  lambda   a             b            
   0 1.3579925725e+08   0.00e+00  7.99e+02    1.000000e+00   1.000000e+00
   6 3.1807702788e+00  -2.23e-02  7.99e-04    1.345838e-03   8.495936e-01

After 6 iterations the fit converged.
final sum of squares of residuals : 3.18077
rel. change during last iteration : -2.23057e-07

degrees of freedom    (FIT_NDF)                        : 105
rms of residuals      (FIT_STDFIT) = sqrt(WSSR/ndf)    : 0.174049
variance of residuals (reduced chisquare) = WSSR/ndf   : 0.0302931

Final set of parameters            Asymptotic Standard Error
=======================            ==========================
a               = 0.00134584       +/- 1.496e-05    (1.111%)
b               = 0.849594         +/- 0.2162       (25.44%)

correlation matrix of the fit parameters:
                a      b      
a               1.000 
b              -0.065  1.000 


*******************************************************************************
Wed Dec  6 16:20:58 2017


FIT:    data read from temp(2) using 1:3
        format = x:z
        x range restricted to [-20.0000 : 20.0000]
        #datapoints = 43
        residuals are weighted equally (unit weight)

function used for fitting: f(x)
	f(x)=a*(x-b)**2
fitted parameters initialized with current variable values

iter      chisq       delta/lim  lambda   a             b            
   0 1.4520010719e+06   0.00e+00  1.31e+02    1.000000e+00   1.000000e+00
   7 5.1434593859e-03  -2.57e-03  1.31e-05    8.070065e-04   2.007648e+00

After 7 iterations the fit converged.
final sum of squares of residuals : 0.00514346
rel. change during last iteration : -2.57096e-08

degrees of freedom    (FIT_NDF)                        : 41
rms of residuals      (FIT_STDFIT) = sqrt(WSSR/ndf)    : 0.0112005
variance of residuals (reduced chisquare) = WSSR/ndf   : 0.00012545

Final set of parameters            Asymptotic Standard Error
=======================            ==========================
a               = 0.000807006      +/- 9.634e-06    (1.194%)
b               = 2.00765          +/- 0.09629      (4.796%)

correlation matrix of the fit parameters:
                a      b      
a               1.000 
b              -0.366  1.000 


*******************************************************************************
Wed Dec  6 16:21:38 2017


FIT:    data read from temp(2) using 1:3
        format = x:z
        x range restricted to [-10.0000 : 10.0000]
        #datapoints = 21
        residuals are weighted equally (unit weight)

function used for fitting: f(x)
	f(x)=a*(x-b)**2
fitted parameters initialized with current variable values

iter      chisq       delta/lim  lambda   a             b            
   0 4.3225271114e+04   0.00e+00  3.31e+01    1.000000e+00   1.000000e+00
   6 5.0604183021e-05  -5.95e-01  3.31e-05    7.536448e-04   1.176748e+00

After 6 iterations the fit converged.
final sum of squares of residuals : 5.06042e-05
rel. change during last iteration : -5.95033e-06

degrees of freedom    (FIT_NDF)                        : 19
rms of residuals      (FIT_STDFIT) = sqrt(WSSR/ndf)    : 0.00163199
variance of residuals (reduced chisquare) = WSSR/ndf   : 2.66338e-06

Final set of parameters            Asymptotic Standard Error
=======================            ==========================
a               = 0.000753645      +/- 8.537e-06    (1.133%)
b               = 1.17675          +/- 0.04514      (3.836%)

correlation matrix of the fit parameters:
                a      b      
a               1.000 
b              -0.431  1.000 


*******************************************************************************
Wed Dec  6 16:22:41 2017


FIT:    data read from temp(2) using 1:3
        format = x:z
        x range restricted to [-10.0000 : 10.0000]
        #datapoints = 21
        residuals are weighted equally (unit weight)

function used for fitting: f(x)
	f(x)=a*(x-b)**2
fitted parameters initialized with current variable values

iter      chisq       delta/lim  lambda   a             b            
   0 4.3225271114e+04   0.00e+00  3.31e+01    1.000000e+00   1.000000e+00
   6 5.0604183021e-05  -5.95e-01  3.31e-05    7.536448e-04   1.176748e+00

After 6 iterations the fit converged.
final sum of squares of residuals : 5.06042e-05
rel. change during last iteration : -5.95033e-06

degrees of freedom    (FIT_NDF)                        : 19
rms of residuals      (FIT_STDFIT) = sqrt(WSSR/ndf)    : 0.00163199
variance of residuals (reduced chisquare) = WSSR/ndf   : 2.66338e-06

Final set of parameters            Asymptotic Standard Error
=======================            ==========================
a               = 0.000753645      +/- 8.537e-06    (1.133%)
b               = 1.17675          +/- 0.04514      (3.836%)

correlation matrix of the fit parameters:
                a      b      
a               1.000 
b              -0.431  1.000 


*******************************************************************************
Wed Dec  6 16:23:17 2017


FIT:    data read from temp(2) using 1:3
        format = x:z
        x range restricted to [-10.0000 : 10.0000]
        #datapoints = 21
        residuals are weighted equally (unit weight)

function used for fitting: f(x)
	f(x)=a*(x-b)**2
fitted parameters initialized with current variable values

iter      chisq       delta/lim  lambda   a             b            
   0 5.0604183021e-05   0.00e+00  2.57e-02    7.536448e-04   1.176748e+00
   1 5.0604183021e-05  -1.87e-10  2.57e+01    7.536448e-04   1.176748e+00

After 1 iterations the fit converged.
final sum of squares of residuals : 5.06042e-05
rel. change during last iteration : -1.8747e-15

degrees of freedom    (FIT_NDF)                        : 19
rms of residuals      (FIT_STDFIT) = sqrt(WSSR/ndf)    : 0.00163199
variance of residuals (reduced chisquare) = WSSR/ndf   : 2.66338e-06

Final set of parameters            Asymptotic Standard Error
=======================            ==========================
a               = 0.000753645      +/- 8.537e-06    (1.133%)
b               = 1.17675          +/- 0.04514      (3.836%)

correlation matrix of the fit parameters:
                a      b      
a               1.000 
b              -0.431  1.000 


*******************************************************************************
Wed Dec  6 16:24:18 2017


FIT:    data read from temp(2) using 1:3
        format = x:z
        x range restricted to [-10.0000 : 10.0000]
        #datapoints = 21
        residuals are weighted equally (unit weight)

function used for fitting: f(x)
	f(x)=a*(x-b)**2
fitted parameters initialized with current variable values

iter      chisq       delta/lim  lambda   a             b            
   0 4.3225271114e+04   0.00e+00  3.31e+01    1.000000e+00   1.000000e+00
   6 5.0604183021e-05  -5.95e-01  3.31e-05    7.536448e-04   1.176748e+00

After 6 iterations the fit converged.
final sum of squares of residuals : 5.06042e-05
rel. change during last iteration : -5.95033e-06

degrees of freedom    (FIT_NDF)                        : 19
rms of residuals      (FIT_STDFIT) = sqrt(WSSR/ndf)    : 0.00163199
variance of residuals (reduced chisquare) = WSSR/ndf   : 2.66338e-06

Final set of parameters            Asymptotic Standard Error
=======================            ==========================
a               = 0.000753645      +/- 8.537e-06    (1.133%)
b               = 1.17675          +/- 0.04514      (3.836%)

correlation matrix of the fit parameters:
                a      b      
a               1.000 
b              -0.431  1.000 


*******************************************************************************
Wed Dec  6 16:24:52 2017


FIT:    data read from temp(2) using 1:3
        format = x:z
        x range restricted to [-10.0000 : 10.0000]
        #datapoints = 21
        residuals are weighted equally (unit weight)

function used for fitting: f(x)
	f(x)=a*(x-b)**2
fitted parameters initialized with current variable values

iter      chisq       delta/lim  lambda   a             b            
   0 5.0604183021e-05   0.00e+00  2.57e-02    7.536448e-04   1.176748e+00
   1 5.0604183021e-05  -1.87e-10  2.57e+01    7.536448e-04   1.176748e+00

After 1 iterations the fit converged.
final sum of squares of residuals : 5.06042e-05
rel. change during last iteration : -1.8747e-15

degrees of freedom    (FIT_NDF)                        : 19
rms of residuals      (FIT_STDFIT) = sqrt(WSSR/ndf)    : 0.00163199
variance of residuals (reduced chisquare) = WSSR/ndf   : 2.66338e-06

Final set of parameters            Asymptotic Standard Error
=======================            ==========================
a               = 0.000753645      +/- 8.537e-06    (1.133%)
b               = 1.17675          +/- 0.04514      (3.836%)

correlation matrix of the fit parameters:
                a      b      
a               1.000 
b              -0.431  1.000 


*******************************************************************************
Wed Dec  6 16:25:04 2017


FIT:    data read from temp(2) using 1:3
        format = x:z
        x range restricted to [-10.0000 : 10.0000]
        #datapoints = 21
        residuals are weighted equally (unit weight)

function used for fitting: f(x)
	f(x)=a*(x-b)**2
fitted parameters initialized with current variable values

iter      chisq       delta/lim  lambda   a             b            
   0 4.3225271114e+04   0.00e+00  3.31e+01    1.000000e+00   1.000000e+00
   6 5.0604183021e-05  -5.95e-01  3.31e-05    7.536448e-04   1.176748e+00

After 6 iterations the fit converged.
final sum of squares of residuals : 5.06042e-05
rel. change during last iteration : -5.95033e-06

degrees of freedom    (FIT_NDF)                        : 19
rms of residuals      (FIT_STDFIT) = sqrt(WSSR/ndf)    : 0.00163199
variance of residuals (reduced chisquare) = WSSR/ndf   : 2.66338e-06

Final set of parameters            Asymptotic Standard Error
=======================            ==========================
a               = 0.000753645      +/- 8.537e-06    (1.133%)
b               = 1.17675          +/- 0.04514      (3.836%)

correlation matrix of the fit parameters:
                a      b      
a               1.000 
b              -0.431  1.000 


*******************************************************************************
Wed Dec  6 16:25:35 2017


FIT:    data read from temp(2) using 1:3
        format = x:z
        x range restricted to [-10.0000 : 10.0000]
        #datapoints = 21
        residuals are weighted equally (unit weight)

function used for fitting: f(x)
	f(x)=a*(x-b)**2
fitted parameters initialized with current variable values

iter      chisq       delta/lim  lambda   a             b            
   0 5.0604183021e-05   0.00e+00  2.57e-02    7.536448e-04   1.176748e+00
   1 5.0604183021e-05  -1.87e-10  2.57e+01    7.536448e-04   1.176748e+00

After 1 iterations the fit converged.
final sum of squares of residuals : 5.06042e-05
rel. change during last iteration : -1.8747e-15

degrees of freedom    (FIT_NDF)                        : 19
rms of residuals      (FIT_STDFIT) = sqrt(WSSR/ndf)    : 0.00163199
variance of residuals (reduced chisquare) = WSSR/ndf   : 2.66338e-06

Final set of parameters            Asymptotic Standard Error
=======================            ==========================
a               = 0.000753645      +/- 8.537e-06    (1.133%)
b               = 1.17675          +/- 0.04514      (3.836%)

correlation matrix of the fit parameters:
                a      b      
a               1.000 
b              -0.431  1.000 
