\BOOKMARK [1][-]{section.1}{Einleitung}{}% 1
\BOOKMARK [1][-]{section.2}{Theorie}{}% 2
\BOOKMARK [2][-]{subsection.2.1}{Grundlagen}{section.2}% 3
\BOOKMARK [2][-]{subsection.2.2}{Instantane Frequenz und Chirp}{section.2}% 4
\BOOKMARK [2][-]{subsection.2.3}{Gau\337puls und Bandprodukt}{section.2}% 5
\BOOKMARK [2][-]{subsection.2.4}{Dispersion im Medium}{section.2}% 6
\BOOKMARK [1][-]{section.3}{Experimentelle Methoden und Messgr\366\337en}{}% 7
\BOOKMARK [2][-]{subsection.3.1}{Spatial chirp}{section.3}% 8
\BOOKMARK [2][-]{subsection.3.2}{Pulse Front Tilt}{section.3}% 9
\BOOKMARK [2][-]{subsection.3.3}{Prismenkrompressor}{section.3}% 10
\BOOKMARK [2][-]{subsection.3.4}{Grenouille}{section.3}% 11
\BOOKMARK [1][-]{section.4}{Durchf\374hrung}{}% 12
\BOOKMARK [2][-]{subsection.4.1}{Aufbau}{section.4}% 13
\BOOKMARK [2][-]{subsection.4.2}{Sicherheitshinweise}{section.4}% 14
\BOOKMARK [2][-]{subsection.4.3}{Durchf\374hrung}{section.4}% 15
\BOOKMARK [1][-]{section.5}{Auswertung}{}% 16
\BOOKMARK [2][-]{subsection.5.1}{Prismenkompressor}{section.5}% 17
\BOOKMARK [2][-]{subsection.5.2}{Glasfenster}{section.5}% 18
\BOOKMARK [2][-]{subsection.5.3}{Spatial Chirp und Pulse Front Tilt}{section.5}% 19
\BOOKMARK [2][-]{subsection.5.4}{Langpassfilter}{section.5}% 20
\BOOKMARK [2][-]{subsection.5.5}{Dielektrische Spiegel}{section.5}% 21
\BOOKMARK [2][-]{subsection.5.6}{Rechteckiges Spiegelpaar}{section.5}% 22
\BOOKMARK [1][-]{section.6}{Diskussion}{}% 23
\BOOKMARK [2][-]{subsection.6.1}{Prismenkompressor}{section.6}% 24
