

*******************************************************************************
Sun Dec 17 15:00:51 2017


FIT:    data read from temp(2) using 1:3
        format = x:z
        x range restricted to [-10.0000 : 10.0000]
        #datapoints = 21
        residuals are weighted equally (unit weight)

function used for fitting: f(x)
fitted parameters initialized with current variable values



 Iteration 0
 WSSR        : 43225.3           delta(WSSR)/WSSR   : 0
 delta(WSSR) : 0                 limit for stopping : 1e-05
 lambda	  : 33.125

initial set of free parameter values

a               = 1
b               = 1

After 6 iterations the fit converged.
final sum of squares of residuals : 5.06042e-05
rel. change during last iteration : -5.95033e-06

degrees of freedom    (FIT_NDF)                        : 19
rms of residuals      (FIT_STDFIT) = sqrt(WSSR/ndf)    : 0.00163199
variance of residuals (reduced chisquare) = WSSR/ndf   : 2.66338e-06

Final set of parameters            Asymptotic Standard Error
=======================            ==========================

a               = 0.000753645      +/- 8.537e-06    (1.133%)
b               = 1.17675          +/- 0.04514      (3.836%)


correlation matrix of the fit parameters:

               a      b      
a               1.000 
b              -0.431  1.000 


*******************************************************************************
Sun Dec 17 15:01:29 2017


FIT:    data read from temp(2) using 1:3
        format = x:z
        x range restricted to [-10.0000 : 10.0000]
        #datapoints = 21
        residuals are weighted equally (unit weight)

function used for fitting: f(x)
fitted parameters initialized with current variable values



 Iteration 0
 WSSR        : 43225.3           delta(WSSR)/WSSR   : 0
 delta(WSSR) : 0                 limit for stopping : 1e-05
 lambda	  : 33.125

initial set of free parameter values

a               = 1
b               = 1

After 6 iterations the fit converged.
final sum of squares of residuals : 5.06042e-05
rel. change during last iteration : -5.95033e-06

degrees of freedom    (FIT_NDF)                        : 19
rms of residuals      (FIT_STDFIT) = sqrt(WSSR/ndf)    : 0.00163199
variance of residuals (reduced chisquare) = WSSR/ndf   : 2.66338e-06

Final set of parameters            Asymptotic Standard Error
=======================            ==========================

a               = 0.000753645      +/- 8.537e-06    (1.133%)
b               = 1.17675          +/- 0.04514      (3.836%)


correlation matrix of the fit parameters:

               a      b      
a               1.000 
b              -0.431  1.000 
